2022-Jul-20 06:37:56 Наличие необходимых модулей php (check_php_modules): Ok
Все необходимые модули установлены
2022-Jul-20 06:37:59 Обязательные параметры PHP (check_php_settings): Fail
Ошибка! Значение max_input_vars должно быть не ниже 10000. Текущее значение: 1000
2022-Jul-20 06:38:01 Модули веб-сервера (check_security): Ok
Конфликтов не выявлено
2022-Jul-20 06:38:03 Значения переменных сервера (check_server_vars): Ok
Корректные
2022-Jul-20 06:38:05 Сохранение сессии (check_session): Ok
50% done
2022-Jul-20 06:38:08 Сохранение сессии (check_session): Ok
Успешно
2022-Jul-20 06:38:10 Параметры настройки UTF (mbstring и константа BX_UTF) (check_mbstring): Ok
Правильные. Сайт работает в UTF кодировке
2022-Jul-20 06:38:12 Служебные скрипты в корне сайта (check_install_scripts): Ok
Отсутствуют
2022-Jul-20 06:38:14 Работа с сокетами (check_socket): Ok
Connection to faculties.testwork:80	Success

Успешно
2022-Jul-20 06:38:17 Выполнение агентов на cron (check_bx_crontab): Warning
Замечание. Агенты выполняются на хитах, рекомендуется перевести выполнение агентов на cron
2022-Jul-20 06:38:19 Параметры подключения к базе данных (check_dbconn_settings): Ok
Успешно
2022-Jul-20 06:38:23 Лишний вывод в файлах конфигурации (check_dbconn): Ok
Connection to faculties.testwork:80	Success

Успешно
2022-Jul-20 06:38:26 Сохранение сессии без UserAgent (check_session_ua): Ok
50% done
Connection to faculties.testwork:80	Success

2022-Jul-20 06:38:28 Сохранение сессии без UserAgent (check_session_ua): Ok
Connection to faculties.testwork:80	Success

Успешно
2022-Jul-20 06:38:30 Настройки сайтов (check_sites): Ok
Правильные
2022-Jul-20 06:38:33 Передача объектов по ссылке (check_clone): Ok
Успешно
2022-Jul-20 06:38:35 Размер стека и pcre.recursion_limit (check_pcre_recursion): Ok
Connection to faculties.testwork:80	Success

Успешно
2022-Jul-20 06:38:37 Загрузка файла (check_upload): Ok
Connection to faculties.testwork:80	Success

Успешно
2022-Jul-20 06:38:40 Загрузка файла больше 4Мб (check_upload_big): Ok
Connection to faculties.testwork:80	Success

Успешно
2022-Jul-20 06:38:42 Загрузка файла через php://input (check_upload_raw): Ok
Connection to faculties.testwork:80	Success

Успешно
2022-Jul-20 06:38:44 Передача POST запроса с большим числом параметров (check_post): Ok
Connection to faculties.testwork:80	Success

Успешно
2022-Jul-20 06:38:47 Отправка почты (check_mail): Ok
Успешно
2022-Jul-20 06:38:50 Отправка почтового сообщения больше 64Кб (check_mail_big): Ok
Успешно
2022-Jul-20 06:38:52 Проверка на наличие неотправленных сообщений (check_mail_b_event): Ok
Успешно
2022-Jul-20 06:38:56 Внутреннее перенаправление (функция LocalRedirect) (check_localredirect): Ok
50% done
Connection to faculties.testwork:80	Success

2022-Jul-20 06:38:58 Внутреннее перенаправление (функция LocalRedirect) (check_localredirect): Ok
Connection to faculties.testwork:80	Success

Успешно
2022-Jul-20 06:39:01 Фактическое ограничение памяти (check_memory_limit): Ok
20% done
Connection to faculties.testwork:80	Success

2022-Jul-20 06:39:03 Фактическое ограничение памяти (check_memory_limit): Ok
40% done
Connection to faculties.testwork:80	Success

2022-Jul-20 06:39:05 Фактическое ограничение памяти (check_memory_limit): Ok
60% done
Connection to faculties.testwork:80	Success

2022-Jul-20 06:39:08 Фактическое ограничение памяти (check_memory_limit): Ok
80% done
Connection to faculties.testwork:80	Success

2022-Jul-20 06:39:10 Фактическое ограничение памяти (check_memory_limit): Ok
Connection to faculties.testwork:80	Success

Не менее 256 М
2022-Jul-20 06:39:12 Работа с файлами кеша (check_cache): Ok
Успешно
2022-Jul-20 06:39:15 Доступ к серверу обновлений (check_update): Ok
Успешно
2022-Jul-20 06:39:17 HTTP авторизация (check_http_auth): Ok
Connection to faculties.testwork:80	Success

Успешно
2022-Jul-20 06:39:19 Создание и запуск файла (check_exec): Ok
Connection to faculties.testwork:80	Success

Успешно
2022-Jul-20 06:39:22 Функция getimagesize для swf (check_getimagesize): Ok
Успешно
2022-Jul-20 06:39:24 Версия MySQL-сервера (check_mysql_bug_version): Ok
Успешно
2022-Jul-20 06:39:27 Время на БД и веб-сервере (check_mysql_time): Ok
Успешно
2022-Jul-20 06:39:29 Режим работы MySQL (check_mysql_mode): Ok
Успешно
2022-Jul-20 06:39:31 Кодировка соединения (check_mysql_connection_charset): Ok
character_set_connection=utf8, collation_connection=utf8_unicode_ci, character_set_results=utf8
Успешно
2022-Jul-20 06:39:33 Кодировка базы данных (check_mysql_db_charset): Ok
CHARSET=utf8, COLLATION=utf8_unicode_ci
Успешно
2022-Jul-20 06:39:39 Кодировки таблиц в БД (check_mysql_table_charset): Ok
Успешно
2022-Jul-20 06:39:41 Структура базы данных (check_mysql_table_structure): Ok
0% done
2022-Jul-20 06:39:44 Структура базы данных (check_mysql_table_structure): Ok
4% done
2022-Jul-20 06:39:47 Структура базы данных (check_mysql_table_structure): Ok
8% done
2022-Jul-20 06:39:49 Структура базы данных (check_mysql_table_structure): Ok
12% done
2022-Jul-20 06:39:52 Структура базы данных (check_mysql_table_structure): Ok
16% done
2022-Jul-20 06:39:55 Структура базы данных (check_mysql_table_structure): Ok
20% done
2022-Jul-20 06:39:58 Структура базы данных (check_mysql_table_structure): Ok
24% done
2022-Jul-20 06:40:01 Структура базы данных (check_mysql_table_structure): Ok
28% done
2022-Jul-20 06:40:04 Структура базы данных (check_mysql_table_structure): Ok
32% done
2022-Jul-20 06:40:08 Структура базы данных (check_mysql_table_structure): Ok
36% done
2022-Jul-20 06:40:16 Структура базы данных (check_mysql_table_structure): Ok
40% done
2022-Jul-20 06:40:18 Структура базы данных (check_mysql_table_structure): Ok
44% done
2022-Jul-20 06:40:20 Структура базы данных (check_mysql_table_structure): Ok
48% done
2022-Jul-20 06:40:23 Структура базы данных (check_mysql_table_structure): Ok
52% done
2022-Jul-20 06:40:26 Структура базы данных (check_mysql_table_structure): Ok
56% done
2022-Jul-20 06:40:29 Структура базы данных (check_mysql_table_structure): Ok
60% done
2022-Jul-20 06:40:31 Структура базы данных (check_mysql_table_structure): Ok
64% done
2022-Jul-20 06:40:34 Структура базы данных (check_mysql_table_structure): Ok
68% done
2022-Jul-20 06:40:36 Структура базы данных (check_mysql_table_structure): Ok
72% done
2022-Jul-20 06:40:40 Структура базы данных (check_mysql_table_structure): Ok
76% done
2022-Jul-20 06:40:42 Структура базы данных (check_mysql_table_structure): Ok
80% done
2022-Jul-20 06:40:45 Структура базы данных (check_mysql_table_structure): Ok
84% done
2022-Jul-20 06:40:48 Структура базы данных (check_mysql_table_structure): Ok
88% done
2022-Jul-20 06:40:50 Структура базы данных (check_mysql_table_structure): Ok
92% done
2022-Jul-20 06:40:53 Структура базы данных (check_mysql_table_structure): Ok
96% done
2022-Jul-20 06:40:55 Структура базы данных (check_mysql_table_structure): Ok
Успешно
